ACPI: EC: interrupt blocked
ACPI: Preparing to enter system sleep state S3
ACPI: EC: event blocked
ACPI: EC: EC stopped
ACPI: Low-level resume complete
ACPI: EC: EC started
ACPI: Waking up from system sleep state S3
ACPI: EC: interrupt unblocked
ACPI: EC: event unblocked
ACPI: EC: interrupt blocked
ACPI: Preparing to enter system sleep state S3
ACPI: EC: event blocked
ACPI: EC: EC stopped
ACPI: Low-level resume complete
ACPI: EC: EC started
ACPI: Waking up from system sleep state S3
ACPI: EC: interrupt unblocked
ACPI: EC: event unblocked
ACPI: EC: interrupt blocked
ACPI: Preparing to enter system sleep state S3
ACPI: EC: event blocked
ACPI: EC: EC stopped
ACPI: Low-level resume complete
ACPI: EC: EC started
ACPI: Waking up from system sleep state S3
ACPI: EC: interrupt unblocked
ACPI: EC: event unblocked
ACPI: EC: interrupt blocked
ACPI: Preparing to enter system sleep state S3
ACPI: EC: event blocked
ACPI: EC: EC stopped
ACPI: Low-level resume complete
ACPI: EC: EC started
ACPI: Waking up from system sleep state S3
ACPI: EC: interrupt unblocked
ACPI: EC: event unblocked
ACPI: EC: interrupt blocked
ACPI: Preparing to enter system sleep state S3
ACPI: EC: event blocked
ACPI: EC: EC stopped
ACPI: Low-level resume complete
ACPI: EC: EC started
ACPI: Waking up from system sleep state S3
ACPI: EC: interrupt unblocked
ACPI: EC: event unblocked
ACPI: EC: interrupt blocked
ACPI: Preparing to enter system sleep state S3
ACPI: EC: event blocked
ACPI: EC: EC stopped
ACPI: Low-level resume complete
ACPI: EC: EC started
ACPI: Waking up from system sleep state S3
ACPI: EC: interrupt unblocked
ACPI: EC: event unblocked
ACPI: EC: interrupt blocked
ACPI: Preparing to enter system sleep state S3
ACPI: EC: event blocked
ACPI: EC: EC stopped
ACPI: Low-level resume complete
ACPI: EC: EC started
ACPI: Waking up from system sleep state S3
ACPI: EC: interrupt unblocked
ACPI: EC: event unblocked
ACPI: EC: interrupt blocked
ACPI: Preparing to enter system sleep state S3
ACPI: EC: event blocked
ACPI: EC: EC stopped
ACPI: Low-level resume complete
ACPI: EC: EC started
ACPI: Waking up from system sleep state S3
ACPI: EC: interrupt unblocked
ACPI: EC: event unblocked
ACPI: EC: interrupt blocked
ACPI: Preparing to enter system sleep state S3
ACPI: EC: event blocked
ACPI: EC: EC stopped
ACPI: Low-level resume complete
ACPI: EC: EC started
ACPI: Waking up from system sleep state S3
ACPI: EC: interrupt unblocked
ACPI: EC: event unblocked
ACPI: EC: interrupt blocked
ACPI: Preparing to enter system sleep state S3
ACPI: EC: event blocked
ACPI: EC: EC stopped
ACPI: Low-level resume complete
ACPI: EC: EC started
ACPI: Waking up from system sleep state S3
ACPI: EC: interrupt unblocked
ACPI: EC: event unblocked
ACPI: EC: interrupt blocked
ACPI: Preparing to enter system sleep state S3
ACPI: EC: event blocked
ACPI: EC: EC stopped
ACPI: Low-level resume complete
ACPI: EC: EC started
ACPI: Waking up from system sleep state S3
ACPI: EC: interrupt unblocked
ACPI: EC: event unblocked
ACPI: EC: interrupt blocked
ACPI: Preparing to enter system sleep state S3
ACPI: EC: event blocked
ACPI: EC: EC stopped
ACPI: Low-level resume complete
ACPI: EC: EC started
ACPI: Waking up from system sleep state S3
ACPI: EC: interrupt unblocked
ACPI: EC: event unblocked
ACPI: EC: interrupt blocked
ACPI: Preparing to enter system sleep state S3
ACPI: EC: event blocked
ACPI: EC: EC stopped
ACPI: Low-level resume complete
ACPI: EC: EC started
ACPI: Waking up from system sleep state S3
ACPI: EC: interrupt unblocked
ACPI: EC: event unblocked
ACPI: EC: interrupt blocked
ACPI: Preparing to enter system sleep state S3
ACPI: EC: event blocked
ACPI: EC: EC stopped
ACPI: Low-level resume complete
ACPI: EC: EC started
ACPI: Waking up from system sleep state S3
ACPI: EC: interrupt unblocked
ACPI: EC: event unblocked
ACPI: EC: interrupt blocked
ACPI: Preparing to enter system sleep state S3
ACPI: EC: event blocked
ACPI: EC: EC stopped
ACPI: Low-level resume complete
ACPI: EC: EC started
ACPI: Waking up from system sleep state S3
ACPI: EC: interrupt unblocked
ACPI: EC: event unblocked
ACPI: EC: interrupt blocked
ACPI: Preparing to enter system sleep state S3
ACPI: EC: event blocked
ACPI: EC: EC stopped
ACPI: Low-level resume complete
ACPI: EC: EC started
ACPI: Waking up from system sleep state S3
ACPI: EC: interrupt unblocked
ACPI: EC: event unblocked
ACPI: EC: interrupt blocked
ACPI: Preparing to enter system sleep state S3
ACPI: EC: event blocked
ACPI: EC: EC stopped
ACPI: Low-level resume complete
ACPI: EC: EC started
ACPI: Waking up from system sleep state S3
ACPI: EC: interrupt unblocked
ACPI: EC: event unblocked
ACPI: EC: interrupt blocked
ACPI: Preparing to enter system sleep state S3
ACPI: EC: event blocked
ACPI: EC: EC stopped
ACPI: Low-level resume complete
ACPI: EC: EC started
ACPI: Waking up from system sleep state S3
ACPI: EC: interrupt unblocked
ACPI: EC: event unblocked
ACPI: EC: interrupt blocked
ACPI: Preparing to enter system sleep state S3
ACPI: EC: event blocked
ACPI: EC: EC stopped
ACPI: Low-level resume complete
ACPI: EC: EC started
ACPI: Waking up from system sleep state S3
ACPI: EC: interrupt unblocked
ACPI: EC: event unblocked
ACPI: EC: interrupt blocked
ACPI: Preparing to enter system sleep state S3
ACPI: EC: event blocked
ACPI: EC: EC stopped
ACPI: Low-level resume complete
ACPI: EC: EC started
ACPI: Waking up from system sleep state S3
ACPI: EC: interrupt unblocked
ACPI: EC: event unblocked
ACPI: EC: interrupt blocked
ACPI: Preparing to enter system sleep state S3
ACPI: EC: event blocked
ACPI: EC: EC stopped
ACPI: Low-level resume complete
ACPI: EC: EC started
ACPI: Waking up from system sleep state S3
ACPI: EC: interrupt unblocked
ACPI: EC: event unblocked
ACPI: EC: interrupt blocked
ACPI: Preparing to enter system sleep state S3
ACPI: EC: event blocked
ACPI: EC: EC stopped
ACPI: Low-level resume complete
ACPI: EC: EC started
ACPI: Waking up from system sleep state S3
ACPI: EC: interrupt unblocked
ACPI: EC: event unblocked
ACPI: EC: interrupt blocked
ACPI: Preparing to enter system sleep state S3
ACPI: EC: event blocked
ACPI: EC: EC stopped
ACPI: Low-level resume complete
ACPI: EC: EC started
ACPI: Waking up from system sleep state S3
ACPI: EC: interrupt unblocked
ACPI: EC: event unblocked
ACPI: EC: interrupt blocked
ACPI: Preparing to enter system sleep state S3
ACPI: EC: event blocked
ACPI: EC: EC stopped
ACPI: Low-level resume complete
ACPI: EC: EC started
ACPI: Waking up from system sleep state S3
ACPI: EC: interrupt unblocked
ACPI: EC: event unblocked
ACPI: EC: interrupt blocked
ACPI: Preparing to enter system sleep state S3
ACPI: EC: event blocked
ACPI: EC: EC stopped
ACPI: Low-level resume complete
ACPI: EC: EC started
ACPI: Waking up from system sleep state S3
ACPI: EC: interrupt unblocked
ACPI: EC: event unblocked
ACPI: EC: interrupt blocked
ACPI: EC: interrupt unblocked
ACPI: EC: interrupt blocked
ACPI: Preparing to enter system sleep state S3
ACPI: EC: event blocked
ACPI: EC: EC stopped
ACPI: Low-level resume complete
ACPI: EC: EC started
ACPI: Waking up from system sleep state S3
ACPI: EC: interrupt unblocked
ACPI: EC: event unblocked
ACPI: EC: interrupt blocked
ACPI: Preparing to enter system sleep state S3
ACPI: EC: event blocked
ACPI: EC: EC stopped
ACPI: Low-level resume complete
ACPI: EC: EC started
ACPI: Waking up from system sleep state S3
ACPI: EC: interrupt unblocked
ACPI: EC: event unblocked
ACPI: EC: interrupt blocked
ACPI: Preparing to enter system sleep state S3
ACPI: EC: event blocked
ACPI: EC: EC stopped
ACPI: Low-level resume complete
ACPI: EC: EC started
ACPI: Waking up from system sleep state S3
ACPI: EC: interrupt unblocked
ACPI: EC: event unblocked
ACPI: EC: interrupt blocked
ACPI: Preparing to enter system sleep state S3
ACPI: EC: event blocked
ACPI: EC: EC stopped
ACPI: Low-level resume complete
ACPI: EC: EC started
ACPI: Waking up from system sleep state S3
ACPI: EC: interrupt unblocked
ACPI: EC: event unblocked
ACPI: EC: interrupt blocked
ACPI: Preparing to enter system sleep state S3
ACPI: EC: event blocked
ACPI: EC: EC stopped
ACPI: Low-level resume complete
ACPI: EC: EC started
ACPI: Waking up from system sleep state S3
ACPI: EC: interrupt unblocked
ACPI: EC: event unblocked
ACPI: EC: interrupt blocked
ACPI: Preparing to enter system sleep state S3
ACPI: EC: event blocked
ACPI: EC: EC stopped
ACPI: Low-level resume complete
ACPI: EC: EC started
ACPI: Waking up from system sleep state S3
ACPI: EC: interrupt unblocked
ACPI: EC: event unblocked
ACPI: EC: interrupt blocked
ACPI: Preparing to enter system sleep state S3
ACPI: EC: event blocked
ACPI: EC: EC stopped
ACPI: Low-level resume complete
ACPI: EC: EC started
ACPI: Waking up from system sleep state S3
ACPI: EC: interrupt unblocked
ACPI: EC: event unblocked
ACPI: EC: interrupt blocked
ACPI: Preparing to enter system sleep state S3
ACPI: EC: event blocked
ACPI: EC: EC stopped
ACPI: Low-level resume complete
ACPI: EC: EC started
ACPI: Waking up from system sleep state S3
ACPI: EC: interrupt unblocked
ACPI: EC: event unblocked
ACPI: EC: interrupt blocked
ACPI: EC: interrupt unblocked
ACPI: EC: interrupt blocked
ACPI: Preparing to enter system sleep state S3
ACPI: EC: event blocked
ACPI: EC: EC stopped
ACPI: Low-level resume complete
ACPI: EC: EC started
ACPI: Waking up from system sleep state S3
ACPI: EC: interrupt unblocked
ACPI: EC: event unblocked
ACPI: EC: interrupt blocked
ACPI: Preparing to enter system sleep state S3
ACPI: EC: event blocked
ACPI: EC: EC stopped
ACPI: Low-level resume complete
ACPI: EC: EC started
ACPI: Waking up from system sleep state S3
ACPI: EC: interrupt unblocked
ACPI: EC: event unblocked
ACPI: EC: interrupt blocked
ACPI: Preparing to enter system sleep state S3
ACPI: EC: event blocked
ACPI: EC: EC stopped
ACPI: Low-level resume complete
ACPI: EC: EC started
ACPI: Waking up from system sleep state S3
ACPI: EC: interrupt unblocked
ACPI: EC: event unblocked
ACPI: EC: interrupt blocked
ACPI: Preparing to enter system sleep state S3
ACPI: EC: event blocked
ACPI: EC: EC stopped
ACPI: Low-level resume complete
ACPI: EC: EC started
ACPI: Waking up from system sleep state S3
ACPI: EC: interrupt unblocked
ACPI: EC: event unblocked
ACPI: EC: interrupt blocked
ACPI: Preparing to enter system sleep state S3
ACPI: EC: event blocked
ACPI: EC: EC stopped
ACPI: Low-level resume complete
ACPI: EC: EC started
ACPI: Waking up from system sleep state S3
ACPI: EC: interrupt unblocked
ACPI: EC: event unblocked
ACPI: EC: interrupt blocked
ACPI: Preparing to enter system sleep state S3
ACPI: EC: event blocked
ACPI: EC: EC stopped
ACPI: Low-level resume complete
ACPI: EC: EC started
ACPI: Waking up from system sleep state S3
ACPI: EC: interrupt unblocked
ACPI: EC: event unblocked
ACPI: EC: interrupt blocked
ACPI: Preparing to enter system sleep state S3
ACPI: EC: event blocked
ACPI: EC: EC stopped
ACPI: Low-level resume complete
ACPI: EC: EC started
ACPI: Waking up from system sleep state S3
ACPI: EC: interrupt unblocked
ACPI: EC: event unblocked
ACPI: EC: interrupt blocked
ACPI: Preparing to enter system sleep state S3
ACPI: EC: event blocked
ACPI: EC: EC stopped
ACPI: Low-level resume complete
ACPI: EC: EC started
ACPI: Waking up from system sleep state S3
ACPI: EC: interrupt unblocked
ACPI: EC: event unblocked
ACPI: EC: interrupt blocked
ACPI: Preparing to enter system sleep state S3
ACPI: EC: event blocked
ACPI: EC: EC stopped
ACPI: Low-level resume complete
ACPI: EC: EC started
ACPI: Waking up from system sleep state S3
ACPI: EC: interrupt unblocked
ACPI: EC: event unblocked
ACPI: EC: interrupt blocked
ACPI: Preparing to enter system sleep state S3
ACPI: EC: event blocked
ACPI: EC: EC stopped
ACPI: Low-level resume complete
ACPI: EC: EC started
ACPI: Waking up from system sleep state S3
ACPI: EC: interrupt unblocked
ACPI: EC: event unblocked
ACPI: EC: interrupt blocked
ACPI: Preparing to enter system sleep state S3
ACPI: EC: event blocked
ACPI: EC: EC stopped
ACPI: Low-level resume complete
ACPI: EC: EC started
ACPI: Waking up from system sleep state S3
ACPI: EC: interrupt unblocked
ACPI: EC: event unblocked
ACPI: EC: interrupt blocked
ACPI: Preparing to enter system sleep state S3
ACPI: EC: event blocked
ACPI: EC: EC stopped
ACPI: Low-level resume complete
ACPI: EC: EC started
ACPI: Waking up from system sleep state S3
ACPI: EC: interrupt unblocked
ACPI: EC: event unblocked
ACPI: EC: interrupt blocked
ACPI: Preparing to enter system sleep state S3
ACPI: EC: event blocked
ACPI: EC: EC stopped
ACPI: Low-level resume complete
ACPI: EC: EC started
ACPI: Waking up from system sleep state S3
ACPI: EC: interrupt unblocked
ACPI: EC: event unblocked
ACPI NVS
ACPI data
ACPI NVS
ACPI NVS
ACPI data
ACPI NVS
ACPI=0xaa881000  ACPI 2.0=0xaa881000  SMBIOS=0xf0000  SMBIOS 3.0=0xf0020  ESRT=0xab2d8018  MEMATTR=0xa7394018 
ACPI: Early table checksum verification disabled
ACPI: RSDP 0x00000000AA881000 000024 (v02 DELL  )
ACPI: XSDT 0x00000000AA8810B8 0000F4 (v01 DELL   CBX3     01072009 AMI  00010013)
ACPI: FACP 0x00000000AA8A6768 00010C (v05 DELL   CBX3     01072009 AMI  00010013)
ACPI: DSDT 0x00000000AA881240 025528 (v02 DELL   CBX3     01072009 INTL 20160422)
ACPI: FACS 0x00000000AAF57180 000040
ACPI: APIC 0x00000000AA8A6878 0000BC (v03 DELL   CBX3     01072009 AMI  00010013)
ACPI: FPDT 0x00000000AA8A6938 000044 (v01 DELL   CBX3     01072009 AMI  00010013)
ACPI: FIDT 0x00000000AA8A6980 0000AC (v01 DELL   CBX3     01072009 AMI  00010013)
ACPI: MCFG 0x00000000AA8A6A30 00003C (v01 DELL   CBX3     01072009 MSFT 00000097)
ACPI: HPET 0x00000000AA8A6A70 000038 (v01 DELL   CBX3     01072009 AMI. 0005000B)
ACPI: SSDT 0x00000000AA8A6AA8 0004B8 (v01 SataRe SataTabl 00001000 INTL 20160422)
ACPI: BOOT 0x00000000AA8A6F60 000028 (v01 DELL   CBX3     01072009 AMI  00010013)
ACPI: SSDT 0x00000000AA8A6F88 0012DE (v02 SaSsdt SaSsdt   00003000 INTL 20160422)
ACPI: HPET 0x00000000AA8A8268 000038 (v01 INTEL  KBL-ULT  00000001 MSFT 0000005F)
ACPI: SSDT 0x00000000AA8A82A0 000757 (v02 INTEL  xh_OEMBD 00000000 INTL 20160422)
ACPI: UEFI 0x00000000AA8A89F8 000042 (v01                 00000000      00000000)
ACPI: SSDT 0x00000000AA8A8A40 0017AE (v02 CpuRef CpuSsdt  00003000 INTL 20160422)
ACPI: LPIT 0x00000000AA8AA1F0 000094 (v01 INTEL  KBL-ULT  00000000 MSFT 0000005F)
ACPI: WSMT 0x00000000AA8AA288 000028 (v01 DELL   CBX3     00000000 MSFT 0000005F)
ACPI: SSDT 0x00000000AA8AA2B0 000141 (v02 INTEL  HdaDsp   00000000 INTL 20160422)
ACPI: SSDT 0x00000000AA8AA3F8 003002 (v02 INTEL  PtidDevc 00001000 INTL 20160422)
ACPI: DBGP 0x00000000AA8AD400 000034 (v01 INTEL           00000002 MSFT 0000005F)
ACPI: DBG2 0x00000000AA8AD438 000054 (v00 INTEL           00000002 MSFT 0000005F)
ACPI: SSDT 0x00000000AA8AD490 0007DF (v02 INTEL  UsbCTabl 00001000 INTL 20160422)
ACPI: SSDT 0x00000000AA8ADC70 004BDC (v02 DptfTa DptfTabl 00001000 INTL 20160422)
ACPI: SLIC 0x00000000AA8B2850 000176 (v03 DELL   CBX3     01072009 MSFT 00010013)
ACPI: BGRT 0x00000000AA8B29C8 000038 (v00                 01072009 AMI  00010013)
ACPI: TPM2 0x00000000AA8B2A00 000034 (v03 DELL   CBX3     00000001 AMI  00000000)
ACPI: ASF! 0x00000000AA8B2A38 0000A0 (v32 INTEL   HCG     00000001 TFSM 000F4240)
ACPI: DMAR 0x00000000AA8B2AD8 0000CC (v01 INTEL  KBL      00000001 INTL 00000001)
ACPI: Local APIC address 0xfee00000
ACPI: PM-Timer IO Port: 0x1808
ACPI: Local APIC address 0xfee00000
ACPI: LAPIC_NMI (acpi_id[0x01] high edge lint[0x1])
ACPI: LAPIC_NMI (acpi_id[0x02] high edge lint[0x1])
ACPI: LAPIC_NMI (acpi_id[0x03] high edge lint[0x1])
ACPI: LAPIC_NMI (acpi_id[0x04] high edge lint[0x1])
ACPI: LAPIC_NMI (acpi_id[0x05] high edge lint[0x1])
ACPI: LAPIC_NMI (acpi_id[0x06] high edge lint[0x1])
ACPI: LAPIC_NMI (acpi_id[0x07] high edge lint[0x1])
ACPI: LAPIC_NMI (acpi_id[0x08] high edge lint[0x1])
ACPI: INT_SRC_OVR (bus 0 bus_irq 0 global_irq 2 dfl dfl)
ACPI: INT_SRC_OVR (bus 0 bus_irq 9 global_irq 9 high level)
ACPI: IRQ0 used by override.
ACPI: IRQ9 used by override.
ACPI (MADT) for SMP configuration information
ACPI: HPET id: 0x8086a701 base: 0xfed00000
ACPI: Core revision 20170831
ACPI: 9 ACPI AML tables successfully acquired and loaded
ACPI NVS region [mem 0x9a858000-0x9a858fff] (4096 bytes)
ACPI NVS region [mem 0xaa8b4000-0xaaf58fff] (6967296 bytes)
ACPI FADT declares the system doesn't support PCIe ASPM, so disable it
ACPI: bus type PCI registered
ACPI Hot Plug PCI Controller Driver version: 0.5
ACPI: Added _OSI(Module Device)
ACPI: Added _OSI(Processor Device)
ACPI: Added _OSI(3.0 _SCP Extensions)
ACPI: Added _OSI(Processor Aggregator Device)
ACPI: Added _OSI(Linux-Dell-Video)
ACPI: Added _OSI(Linux-Lenovo-NV-HDMI-Audio)
ACPI: Added _OSI(Linux-HPI-Hybrid-Graphics)
ACPI Error: [_SB_.PCI0.RP05.PXSX] Namespace lookup failure, AE_NOT_FOUND (20170831/dswload2-191)
ACPI Exception: AE_NOT_FOUND, During name lookup/catalog (20170831/psobject-253)
ACPI Error: Ignore error and continue table load (20170831/psobject-642)
ACPI Error: Skip parsing opcode Scope (20170831/psloop-559)
ACPI Error: [_SB_.PCI0.RP09.PXSX] Namespace lookup failure, AE_NOT_FOUND (20170831/dswload2-191)
ACPI Exception: AE_NOT_FOUND, During name lookup/catalog (20170831/psobject-253)
ACPI Error: Ignore error and continue table load (20170831/psobject-642)
ACPI Error: Skip parsing opcode Scope (20170831/psloop-559)
ACPI: Executed 46 blocks of module-level executable AML code
ACPI: [Firmware Bug]: BIOS _OSI(Linux) query ignored
ACPI: Dynamic OEM Table Load:
ACPI: SSDT 0xFFFF9010C57C2800 00058B (v02 PmRef  Cpu0Ist  00003000 INTL 20160422)
ACPI: Executed 1 blocks of module-level executable AML code
ACPI: \_PR_.PR00: _OSC native thermal LVT Acked
ACPI: Dynamic OEM Table Load:
ACPI: SSDT 0xFFFF9010C52FB800 0003FF (v02 PmRef  Cpu0Cst  00003001 INTL 20160422)
ACPI: Executed 1 blocks of module-level executable AML code
ACPI: Dynamic OEM Table Load:
ACPI: SSDT 0xFFFF9010C5347480 0000BA (v02 PmRef  Cpu0Hwp  00003000 INTL 20160422)
ACPI: Executed 1 blocks of module-level executable AML code
ACPI: Dynamic OEM Table Load:
ACPI: SSDT 0xFFFF9010C57C1000 000628 (v02 PmRef  HwpLvt   00003000 INTL 20160422)
ACPI: Executed 1 blocks of module-level executable AML code
ACPI: Dynamic OEM Table Load:
ACPI: SSDT 0xFFFF9010C5176000 000D14 (v02 PmRef  ApIst    00003000 INTL 20160422)
ACPI: Executed 1 blocks of module-level executable AML code
ACPI: Dynamic OEM Table Load:
ACPI: SSDT 0xFFFF9010C52F9C00 000317 (v02 PmRef  ApHwp    00003000 INTL 20160422)
ACPI: Executed 1 blocks of module-level executable AML code
ACPI: Dynamic OEM Table Load:
ACPI: SSDT 0xFFFF9010C52FC000 00030A (v02 PmRef  ApCst    00003000 INTL 20160422)
ACPI: Executed 1 blocks of module-level executable AML code
ACPI: EC: EC started
ACPI: EC: interrupt blocked
ACPI: \_SB_.PCI0.LPCB.ECDV: Used as first EC
ACPI: \_SB_.PCI0.LPCB.ECDV: GPE=0x6e, EC_CMD/EC_SC=0x934, EC_DATA=0x930
ACPI: \_SB_.PCI0.LPCB.ECDV: Used as boot DSDT EC to handle transactions
ACPI: Interpreter enabled
ACPI: (supports S0 S3 S4 S5)
ACPI: Using IOAPIC for interrupt routing
ACPI; if necessary, use "pci=nocrs" and report a bug
ACPI: Enabled 7 GPEs in block 00 to 7F
ACPI: PCI Root Bridge [PCI0] (domain 0000 [bus 00-fe])
ACPI: PCI Interrupt Link [LNKA] (IRQs 3 4 5 6 10 *11 12 14 15)
ACPI: PCI Interrupt Link [LNKB] (IRQs 3 4 5 6 *10 11 12 14 15)
ACPI: PCI Interrupt Link [LNKC] (IRQs 3 4 5 6 10 *11 12 14 15)
ACPI: PCI Interrupt Link [LNKD] (IRQs 3 4 5 6 10 *11 12 14 15)
ACPI: PCI Interrupt Link [LNKE] (IRQs 3 4 5 6 10 *11 12 14 15)
ACPI: PCI Interrupt Link [LNKF] (IRQs 3 4 5 6 10 *11 12 14 15)
ACPI: PCI Interrupt Link [LNKG] (IRQs 3 4 5 6 10 *11 12 14 15)
ACPI: PCI Interrupt Link [LNKH] (IRQs 3 4 5 6 10 *11 12 14 15)
ACPI: EC: interrupt unblocked
ACPI: EC: event unblocked
ACPI: \_SB_.PCI0.LPCB.ECDV: GPE=0x6e, EC_CMD/EC_SC=0x934, EC_DATA=0x930
ACPI: \_SB_.PCI0.LPCB.ECDV: Used as boot DSDT EC to handle transactions and events
ACPI: bus type USB registered
ACPI for IRQ routing
ACPI init
ACPI device, IDs PNP0c02 (active)
ACPI device, IDs PNP0b00 (active)
ACPI device, IDs INT3f0d PNP0c02 (active)
ACPI device, IDs PNP0303 (active)
ACPI device, IDs DLL0830 PNP0f13 (active)
ACPI device, IDs PNP0c02 (active)
ACPI device, IDs PNP0c02 (active)
ACPI device, IDs PNP0c02 (active)
ACPI device, IDs PNP0c02 (active)
ACPI: found 9 devices
ACPI device "device:69" under DMAR at fed91000 as 00:15.0
ACPI: AC Adapter [AC] (on-line)
ACPI: Lid Switch [LID0]
ACPI: Power Button [PBTN]
ACPI: Sleep Button [SBTN]
ACPI: Power Button [PWRF]
ACPI: Thermal Zone [THM] (25 C)
ACPI: Battery Slot [BAT0] (battery present)
ACPI: Video Device [GFX0] (multi-head: yes  rom: no  post: no)
ACPI Warning: \_SB.IETM._TRT: Return Package has no elements (empty) (20170831/nsprepkg-130)
ACPI: EC: interrupt blocked
ACPI: Preparing to enter system sleep state S3
ACPI: EC: event blocked
ACPI: EC: EC stopped
ACPI: Low-level resume complete
ACPI: EC: EC started
ACPI: Waking up from system sleep state S3
ACPI: EC: interrupt unblocked
ACPI: EC: event unblocked
ACPI: button: The lid device is not compliant to SW_LID.
ACPI: EC: interrupt blocked
ACPI: Preparing to enter system sleep state S3
ACPI: EC: event blocked
ACPI: EC: EC stopped
ACPI: Low-level resume complete
ACPI: EC: EC started
ACPI: Waking up from system sleep state S3
ACPI: EC: interrupt unblocked
ACPI: EC: event unblocked
ACPI: EC: interrupt blocked
ACPI: Preparing to enter system sleep state S3
ACPI: EC: event blocked
ACPI: EC: EC stopped
ACPI: Low-level resume complete
ACPI: EC: EC started
ACPI: Waking up from system sleep state S3
ACPI: EC: interrupt unblocked
ACPI: EC: event unblocked
ACPI: EC: interrupt blocked
ACPI: Preparing to enter system sleep state S3
ACPI: EC: event blocked
ACPI: EC: EC stopped
ACPI: Low-level resume complete
ACPI: EC: EC started
ACPI: Waking up from system sleep state S3
ACPI: EC: interrupt unblocked
ACPI: EC: event unblocked
ACPI: EC: interrupt blocked
ACPI: Preparing to enter system sleep state S3
ACPI: EC: event blocked
ACPI: EC: EC stopped
ACPI: Low-level resume complete
ACPI: EC: EC started
ACPI: Waking up from system sleep state S3
ACPI: EC: interrupt unblocked
ACPI: EC: event unblocked
ACPI: EC: interrupt blocked
ACPI: Preparing to enter system sleep state S3
ACPI: EC: event blocked
ACPI: EC: EC stopped
ACPI: Low-level resume complete
ACPI: EC: EC started
ACPI: Waking up from system sleep state S3
ACPI: EC: interrupt unblocked
ACPI: EC: event unblocked
ACPI: EC: interrupt blocked
ACPI: Preparing to enter system sleep state S3
ACPI: EC: event blocked
ACPI: EC: EC stopped
ACPI: Low-level resume complete
ACPI: EC: EC started
ACPI: Waking up from system sleep state S3
ACPI: EC: interrupt unblocked
ACPI: EC: event unblocked
ACPI: EC: interrupt blocked
ACPI: Preparing to enter system sleep state S3
ACPI: EC: event blocked
ACPI: EC: EC stopped
ACPI: Low-level resume complete
ACPI: EC: EC started
ACPI: Waking up from system sleep state S3
ACPI: EC: interrupt unblocked
ACPI: EC: event unblocked
ACPI: EC: interrupt blocked
ACPI: Preparing to enter system sleep state S3
ACPI: EC: event blocked
ACPI: EC: EC stopped
ACPI: Low-level resume complete
ACPI: EC: EC started
ACPI: Waking up from system sleep state S3
ACPI: EC: interrupt unblocked
ACPI: EC: event unblocked
ACPI: EC: interrupt blocked
ACPI: Preparing to enter system sleep state S3
ACPI: EC: event blocked
ACPI: EC: EC stopped
ACPI: Low-level resume complete
ACPI: EC: EC started
ACPI: Waking up from system sleep state S3
ACPI: EC: interrupt unblocked
ACPI: EC: event unblocked
ACPI: EC: interrupt blocked
ACPI: Preparing to enter system sleep state S3
ACPI: EC: event blocked
ACPI: EC: EC stopped
ACPI: Low-level resume complete
ACPI: EC: EC started
ACPI: Waking up from system sleep state S3
ACPI: EC: interrupt unblocked
ACPI: EC: event unblocked
ACPI: EC: interrupt blocked
ACPI: Preparing to enter system sleep state S3
ACPI: EC: event blocked
ACPI: EC: EC stopped
ACPI: Low-level resume complete
ACPI: EC: EC started
ACPI: Waking up from system sleep state S3
ACPI: EC: interrupt unblocked
ACPI: EC: event unblocked
ACPI: EC: interrupt blocked
ACPI: Preparing to enter system sleep state S3
ACPI: EC: event blocked
ACPI: EC: EC stopped
ACPI: Low-level resume complete
ACPI: EC: EC started
ACPI: Waking up from system sleep state S3
ACPI: EC: interrupt unblocked
ACPI: EC: event unblocked
ACPI: EC: interrupt blocked
ACPI: Preparing to enter system sleep state S3
ACPI: EC: event blocked
ACPI: EC: EC stopped
ACPI: Low-level resume complete
ACPI: EC: EC started
ACPI: Waking up from system sleep state S3
ACPI: EC: interrupt unblocked
ACPI: EC: event unblocked
ACPI: EC: interrupt blocked
ACPI: Preparing to enter system sleep state S3
ACPI: EC: event blocked
ACPI: EC: EC stopped
ACPI: Low-level resume complete
ACPI: EC: EC started
ACPI: Waking up from system sleep state S3
ACPI: EC: interrupt unblocked
ACPI: EC: event unblocked
ACPI: EC: interrupt blocked
ACPI: Preparing to enter system sleep state S3
ACPI: EC: event blocked
ACPI: EC: EC stopped
ACPI: Low-level resume complete
ACPI: EC: EC started
ACPI: Waking up from system sleep state S3
ACPI: EC: interrupt unblocked
ACPI: EC: event unblocked
ACPI: EC: interrupt blocked
ACPI: Preparing to enter system sleep state S3
ACPI: EC: event blocked
ACPI: EC: EC stopped
ACPI: Low-level resume complete
ACPI: EC: EC started
ACPI: Waking up from system sleep state S3
ACPI: EC: interrupt unblocked
ACPI: EC: event unblocked
ACPI: EC: interrupt blocked
ACPI: Preparing to enter system sleep state S3
ACPI: EC: event blocked
ACPI: EC: EC stopped
ACPI: Low-level resume complete
ACPI: EC: EC started
ACPI: Waking up from system sleep state S3
ACPI: EC: interrupt unblocked
ACPI: EC: event unblocked
ACPI: EC: interrupt blocked
ACPI: Preparing to enter system sleep state S3
ACPI: EC: event blocked
ACPI: EC: EC stopped
ACPI: Low-level resume complete
ACPI: EC: EC started
ACPI: Waking up from system sleep state S3
ACPI: EC: interrupt unblocked
ACPI: EC: event unblocked
ACPI: EC: interrupt blocked
ACPI: Preparing to enter system sleep state S3
ACPI: EC: event blocked
ACPI: EC: EC stopped
ACPI: Low-level resume complete
ACPI: EC: EC started
ACPI: Waking up from system sleep state S3
ACPI: EC: interrupt unblocked
ACPI: EC: event unblocked
ACPI: EC: interrupt blocked
ACPI: Preparing to enter system sleep state S3
ACPI: EC: event blocked
ACPI: EC: EC stopped
ACPI: Low-level resume complete
ACPI: EC: EC started
ACPI: Waking up from system sleep state S3
ACPI: EC: interrupt unblocked
ACPI: EC: event unblocked
ACPI: EC: interrupt blocked
ACPI: Preparing to enter system sleep state S3
ACPI: EC: event blocked
ACPI: EC: EC stopped
ACPI: Low-level resume complete
ACPI: EC: EC started
ACPI: Waking up from system sleep state S3
ACPI: EC: interrupt unblocked
ACPI: EC: event unblocked
ACPI: EC: interrupt blocked
ACPI: Preparing to enter system sleep state S3
ACPI: EC: event blocked
ACPI: EC: EC stopped
ACPI: Low-level resume complete
ACPI: EC: EC started
ACPI: Waking up from system sleep state S3
ACPI: EC: interrupt unblocked
ACPI: EC: event unblocked
ACPI: EC: interrupt blocked
ACPI: Preparing to enter system sleep state S3
ACPI: EC: event blocked
ACPI: EC: EC stopped
ACPI: Low-level resume complete
ACPI: EC: EC started
ACPI: Waking up from system sleep state S3
ACPI: EC: interrupt unblocked
ACPI: EC: event unblocked
ACPI: EC: interrupt blocked
ACPI: Preparing to enter system sleep state S3
ACPI: EC: event blocked
ACPI: EC: EC stopped
ACPI: Low-level resume complete
ACPI: EC: EC started
ACPI: Waking up from system sleep state S3
ACPI: EC: interrupt unblocked
ACPI: EC: event unblocked
