1110290
10297
10298
10301
10303
10306
10332
1042
1043
1045
10462
1054
10550
10563
10571
10595
1063
10953
10982
1119
1120
1123
1125
1126
1127
1128
1129
1130
1132
1137
1138
11404
1147
1150
1197
1205
1221
1227
1240
1295
1296
1310
1315
1324
1350
1358
1406
14366
1447
14491
1452
1454
1459
1460
14656
14679
1478
1481
1484
1486
1494
1499
1503
1504
1507
1510
1512
1515
1516
1517
1521
1524
1525
1531
1532
1534
1539
1542
1544
1550
1558
16164
16178
1619
16211
16278
1632
16484
16582
16795
1761
1771
1774
1785
18206
18226
18253
18311
18464
18641
20193
2035
21698
21959
21960
2274
2299
2401
2445
2464
2785
2911
2912
2925
2929
2931
2939
2942
3048
3051
3056
3058
3074
3079
3096
3108
3127
3131
3133
3135
31374
3144
3150
3154
3162
3166
3169
3178
3183
3187
3192
3196
3208
32089
3209
32098
32099
3210
3211
3212
3217
3220
3232
3237
32502
32510
32511
32512
3252
32528
32532
3254
3255
3258
32591
32593
3261
32617
3264
3266
3273
3307
3312
3313
3333
3334
3357
3365
3372
3417
3426
3436
3446
3458
3460
3497
3508
3534
3875
3882
3883
3933
3936
395
3956
417
4190
6679
6680
7720
8794
897
905
