1:/sbin/init
2:[kthreadd]
4:[kworker/0:0H]
6:[mm_percpu_wq]
7:[ksoftirqd/0]
8:[rcu_sched]
9:[rcu_bh]
10:[migration/0]
11:[watchdog/0]
12:[cpuhp/0]
13:[cpuhp/1]
14:[watchdog/1]
15:[migration/1]
16:[ksoftirqd/1]
18:[kworker/1:0H]
19:[cpuhp/2]
20:[watchdog/2]
21:[migration/2]
22:[ksoftirqd/2]
24:[kworker/2:0H]
25:[cpuhp/3]
26:[watchdog/3]
27:[migration/3]
28:[ksoftirqd/3]
30:[kworker/3:0H]
31:[cpuhp/4]
32:[watchdog/4]
33:[migration/4]
34:[ksoftirqd/4]
36:[kworker/4:0H]
37:[cpuhp/5]
38:[watchdog/5]
39:[migration/5]
40:[ksoftirqd/5]
42:[kworker/5:0H]
43:[cpuhp/6]
44:[watchdog/6]
45:[migration/6]
46:[ksoftirqd/6]
48:[kworker/6:0H]
49:[cpuhp/7]
50:[watchdog/7]
51:[migration/7]
52:[ksoftirqd/7]
54:[kworker/7:0H]
55:[kdevtmpfs]
56:[netns]
57:[rcu_tasks_kthre]
58:[kauditd]
61:[khungtaskd]
62:[oom_reaper]
63:[writeback]
64:[kcompactd0]
65:[ksmd]
66:[khugepaged]
67:[crypto]
68:[kintegrityd]
69:[kblockd]
76:[ata_sff]
77:[md]
78:[edac-poller]
79:[devfreq_wq]
81:[watchdogd]
84:[kswapd0]
86:[ecryptfs-kthrea]
128:[kthrotld]
129:[acpi_thermal_pm]
134:[ipv6_addrconf]
143:[kstrp]
160:[charger_manager]
211:[scsi_eh_0]
212:[scsi_tmf_0]
213:[scsi_eh_1]
214:[scsi_tmf_1]
215:[scsi_eh_2]
216:[scsi_tmf_2]
219:[i915/signal:0]
220:[i915/signal:1]
221:[i915/signal:2]
222:[i915/signal:4]
235:[kworker/1:1H]
352:[jbd2/sda3-8]
353:[ext4-rsv-conver]
400:/lib/systemd/systemd-journald
422:/lib/systemd/systemd-udevd
424:[kworker/0:1H]
425:[kworker/2:1H]
427:[kworker/4:1H]
429:[loop0]
434:[loop1]
435:[kworker/6:1H]
436:[kworker/3:1H]
446:[loop2]
447:[loop3]
460:[loop4]
461:[kworker/5:1H]
462:[loop5]
463:[loop6]
470:[loop7]
471:[kworker/7:1H]
472:[loop8]
488:[loop9]
494:[loop10]
495:[loop11]
496:[loop12]
498:[loop13]
499:[loop14]
500:[loop15]
502:[loop16]
503:[loop17]
504:[irq/98-smo8800]
505:[loop18]
506:[loop19]
507:[loop20]
508:[loop21]
510:[loop23]
511:[loop24]
530:[loop25]
575:[irq/51-MSFT0001]
582:[cfg80211]
590:[irq/128-iwlwifi]
1055:/usr/sbin/thermald
1076:/lib/systemd/systemd-logind
1086:/usr/sbin/smartd
1088:/usr/sbin/cron
1104:/usr/lib/accountsservice/accounts-daemon
1113:/usr/sbin/NetworkManager
1116:/usr/bin/python3
1120:/usr/sbin/irqbalance
1122:/usr/lib/bluetooth/bluetoothd
1124:/usr/lib/snapd/snapd
1125:/usr/sbin/ModemManager
1127:/usr/lib/udisks2/udisksd
1134:/usr/sbin/acpid
1177:/usr/lib/policykit-1/polkitd
1215:/usr/sbin/sshd
1222:/usr/sbin/gdm3
1233:/usr/bin/python3
1240:gdm-session-worker
1350:/usr/lib/upower/upowerd
1508:/usr/lib/x86_64-linux-gnu/boltd
1509:/usr/lib/packagekit/packagekitd
1773:/opt/teamviewer/tv_bin/teamviewerd
1902:gdm-session-worker
2117:[krfcommd]
2591:/usr/lib/fwupd/fwupd
5863:/sbin/wpa_supplicant
6952:[loop26]
14795:[kworker/u17:0]
20842:[kworker/u17:1]
22638:[kworker/0:0]
22862:[kworker/3:0]
22891:[kworker/4:0]
23169:[kworker/u16:25]
24249:[irq/129-mei_me]
24903:/sbin/dhclient
26214:[kworker/7:1]
26247:[kworker/6:1]
26269:[kworker/5:0]
26301:[kworker/u16:0]
26795:[kworker/2:1]
27281:[kworker/1:1]
27371:[kworker/u16:3]
27429:[kworker/4:2]
27432:[kworker/3:1]
27470:[kworker/6:2]
27480:[kworker/1:2]
27482:[kworker/0:1]
27504:[kworker/5:1]
27571:[kworker/7:2]
27582:[kworker/2:0]
27603:[kworker/3:2]
27611:[kworker/4:1]
27619:[kworker/6:0]
27623:[kworker/1:0]
27624:[kworker/0:2]
27703:[kworker/5:2]
27723:[kworker/u16:1]
27743:[kworker/u16:2]
27752:[kworker/7:0]
27770:[kworker/2:2]
31421:/usr/sbin/cupsd
31422:/usr/sbin/cups-browsed
